2020-01-29 20:38:30,868 INFO o.a.j.u.JMeterUtils: Setting Locale to ko_KR
2020-01-29 20:38:30,897 ERROR o.a.j.u.JMeterUtils: Could not find resources for 'ko_KR'
2020-01-29 20:38:30,898 INFO o.a.j.JMeter: Loading user properties from: user.properties
2020-01-29 20:38:30,901 INFO o.a.j.JMeter: Loading system properties from: system.properties
2020-01-29 20:38:30,903 INFO o.a.j.JMeter: Copyright (c) 1998-2019 The Apache Software Foundation
2020-01-29 20:38:30,903 INFO o.a.j.JMeter: Version 5.2.1
2020-01-29 20:38:30,903 INFO o.a.j.JMeter: java.version=13.0.1
2020-01-29 20:38:30,903 INFO o.a.j.JMeter: java.vm.name=Java HotSpot(TM) 64-Bit Server VM
2020-01-29 20:38:30,903 INFO o.a.j.JMeter: os.name=Mac OS X
2020-01-29 20:38:30,903 INFO o.a.j.JMeter: os.arch=x86_64
2020-01-29 20:38:30,903 INFO o.a.j.JMeter: os.version=10.14.5
2020-01-29 20:38:30,903 INFO o.a.j.JMeter: file.encoding=UTF-8
2020-01-29 20:38:30,904 INFO o.a.j.JMeter: java.awt.headless=null
2020-01-29 20:38:30,904 INFO o.a.j.JMeter: Max memory     =2147483648
2020-01-29 20:38:30,904 INFO o.a.j.JMeter: Available Processors =4
2020-01-29 20:38:30,912 INFO o.a.j.JMeter: Default Locale=한국어 (대한민국)
2020-01-29 20:38:30,913 INFO o.a.j.JMeter: JMeter  Locale=한국어 (대한민국)
2020-01-29 20:38:30,913 INFO o.a.j.JMeter: JMeterHome=/Users/yun/Documents/Dropbox/Yun_Kidong/Portfolio/workspace/devlog/interpark/jmeter/res/workspace/apache-jmeter-5.2.1
2020-01-29 20:38:30,913 INFO o.a.j.JMeter: user.dir  =/Users/yun/Documents/Dropbox/Yun_Kidong/Portfolio/workspace/devlog/interpark/jmeter/res/workspace/apache-jmeter-5.2.1/bin
2020-01-29 20:38:30,913 INFO o.a.j.JMeter: PWD       =/Users/yun/Documents/Dropbox/Yun_Kidong/Portfolio/workspace/devlog/interpark/jmeter/res/workspace/apache-jmeter-5.2.1/bin
2020-01-29 20:38:30,915 INFO o.a.j.JMeter: IP: 10.1.1.46 Name: yungidong-ui-MacBookPro.local FullName: 10.1.1.46
2020-01-29 20:38:32,742 INFO o.a.j.g.a.LookAndFeelCommand: Installing Darcula LAF
2020-01-29 20:38:32,752 INFO o.a.j.g.a.LookAndFeelCommand: Using look and feel: com.bulenkov.darcula.DarculaLaf [Darcula]
2020-01-29 20:38:32,753 INFO o.a.j.JMeter: Setting LAF to: com.bulenkov.darcula.DarculaLaf
2020-01-29 20:38:32,872 INFO o.a.j.JMeter: Loaded icon properties from org/apache/jmeter/images/icon.properties
2020-01-29 20:38:33,796 INFO o.j.r.JARSourceHTTP: Found cached repo
2020-01-29 20:38:33,994 INFO o.j.r.PluginManager: Plugins Status: [jpgc-plugins-manager=1.3, jmeter-core=5.2.1, jmeter-ftp=5.2.1, jmeter-http=5.2.1, jmeter-jdbc=5.2.1, jmeter-jms=5.2.1, jmeter-junit=5.2.1, jmeter-java=5.2.1, jmeter-ldap=5.2.1, jmeter-mail=5.2.1, jmeter-mongodb=5.2.1, jmeter-native=5.2.1, jmeter-tcp=5.2.1, jmeter-components=5.2.1]
2020-01-29 20:38:35,839 INFO o.a.j.p.h.s.HTTPSamplerBase: Parser for text/html is org.apache.jmeter.protocol.http.parser.LagartoBasedHtmlParser
2020-01-29 20:38:35,840 INFO o.a.j.p.h.s.HTTPSamplerBase: Parser for application/xhtml+xml is org.apache.jmeter.protocol.http.parser.LagartoBasedHtmlParser
2020-01-29 20:38:35,840 INFO o.a.j.p.h.s.HTTPSamplerBase: Parser for application/xml is org.apache.jmeter.protocol.http.parser.LagartoBasedHtmlParser
2020-01-29 20:38:35,840 INFO o.a.j.p.h.s.HTTPSamplerBase: Parser for text/xml is org.apache.jmeter.protocol.http.parser.LagartoBasedHtmlParser
2020-01-29 20:38:35,840 INFO o.a.j.p.h.s.HTTPSamplerBase: Parser for text/vnd.wap.wml is org.apache.jmeter.protocol.http.parser.RegexpHTMLParser
2020-01-29 20:38:35,840 INFO o.a.j.p.h.s.HTTPSamplerBase: Parser for text/css is org.apache.jmeter.protocol.http.parser.CssParser
2020-01-29 20:38:36,242 INFO o.a.j.e.KeyToolUtils: keytool found at 'keytool'
2020-01-29 20:38:36,242 INFO o.a.j.p.h.p.ProxyControl: HTTP(S) Test Script Recorder SSL Proxy will use keys that support embedded 3rd party resources in file /Users/yun/Documents/Dropbox/Yun_Kidong/Portfolio/workspace/devlog/interpark/jmeter/res/workspace/apache-jmeter-5.2.1/bin/proxyserver.jks
2020-01-29 20:38:36,422 INFO o.a.j.s.FileServer: Default base='/Users/yun/Documents/Dropbox/Yun_Kidong/Portfolio/workspace/devlog/interpark/jmeter/res/workspace/apache-jmeter-5.2.1/bin'
2020-01-29 20:38:36,927 INFO o.a.j.s.SampleResult: Note: Sample TimeStamps are START times
2020-01-29 20:38:36,929 INFO o.a.j.s.SampleResult: sampleresult.default.encoding is set to ISO-8859-1
2020-01-29 20:38:36,929 INFO o.a.j.s.SampleResult: sampleresult.useNanoTime=true
2020-01-29 20:38:36,929 INFO o.a.j.s.SampleResult: sampleresult.nanoThreadSleep=5000
2020-01-29 20:38:36,958 INFO o.a.j.v.ViewResultsFullVisualizer: Add JavaFX to your Java installation if you want to use renderer: org.apache.jmeter.visualizers.RenderInBrowser
2020-01-29 20:38:41,754 INFO o.a.j.s.FileServer: Set new base='/Users/yun/Documents/Dropbox/Yun_Kidong/Portfolio/workspace/devlog/interpark/jmeter/res/workspace/apache-jmeter-5.2.1/bin'
2020-01-29 20:38:41,939 INFO o.a.j.s.SaveService: Testplan (JMX) version: 2.2. Testlog (JTL) version: 2.2
2020-01-29 20:38:41,946 INFO o.a.j.s.SaveService: Using SaveService properties version 5.0
2020-01-29 20:38:41,948 INFO o.a.j.s.SaveService: Using SaveService properties file encoding UTF-8
2020-01-29 20:39:07,406 INFO o.a.j.g.a.Load: Loading file: /Users/yun/Documents/Dropbox/Yun_Kidong/Portfolio/workspace/devlog/interpark/jmeter/res/workspace/HTTP Request Defaults.jmx
2020-01-29 20:39:07,407 INFO o.a.j.s.FileServer: Set new base='/Users/yun/Documents/Dropbox/Yun_Kidong/Portfolio/workspace/devlog/interpark/jmeter/res/workspace'
2020-01-29 20:39:07,408 INFO o.a.j.s.SaveService: Loading file: /Users/yun/Documents/Dropbox/Yun_Kidong/Portfolio/workspace/devlog/interpark/jmeter/res/workspace/HTTP Request Defaults.jmx
2020-01-29 20:39:07,647 INFO o.a.j.v.ViewResultsFullVisualizer: Add JavaFX to your Java installation if you want to use renderer: org.apache.jmeter.visualizers.RenderInBrowser
2020-01-29 20:39:07,704 INFO o.a.j.v.ViewResultsFullVisualizer: Add JavaFX to your Java installation if you want to use renderer: org.apache.jmeter.visualizers.RenderInBrowser
2020-01-29 20:39:07,743 INFO o.a.j.v.ViewResultsFullVisualizer: Add JavaFX to your Java installation if you want to use renderer: org.apache.jmeter.visualizers.RenderInBrowser
2020-01-29 20:39:07,784 INFO o.a.j.s.FileServer: Set new base='/Users/yun/Documents/Dropbox/Yun_Kidong/Portfolio/workspace/devlog/interpark/jmeter/res/workspace'
2020-01-29 20:42:03,738 INFO o.a.j.e.StandardJMeterEngine: Running the test!
2020-01-29 20:42:03,753 INFO o.a.j.s.SampleEvent: List of sample_variables: []
2020-01-29 20:42:03,754 INFO o.a.j.s.SampleEvent: List of sample_variables: []
2020-01-29 20:42:03,780 INFO o.a.j.e.u.CompoundVariable: Note: Function class names must contain the string: '.functions.'
2020-01-29 20:42:03,781 INFO o.a.j.e.u.CompoundVariable: Note: Function class names must not contain the string: '.gui.'
2020-01-29 20:42:04,123 INFO o.a.j.g.u.JMeterMenuBar: setRunning(true, *local*)
2020-01-29 20:42:04,215 INFO o.a.j.e.StandardJMeterEngine: Starting ThreadGroup: 1 : Thread Group
2020-01-29 20:42:04,216 INFO o.a.j.e.StandardJMeterEngine: Starting 10 threads for group Thread Group.
2020-01-29 20:42:04,217 INFO o.a.j.e.StandardJMeterEngine: Thread will continue on error
2020-01-29 20:42:04,218 INFO o.a.j.t.ThreadGroup: Starting thread group... number=1 threads=10 ramp-up=1 delayedStart=false
2020-01-29 20:42:04,230 INFO o.a.j.t.ThreadGroup: Started thread group number 1
2020-01-29 20:42:04,231 INFO o.a.j.e.StandardJMeterEngine: All thread groups have been started
2020-01-29 20:42:04,233 INFO o.a.j.t.JMeterThread: Thread started: Thread Group 1-1
2020-01-29 20:42:04,246 INFO o.a.j.p.h.s.HTTPHCAbstractImpl: Local host = yungidong-ui-MacBookPro.local
2020-01-29 20:42:04,251 INFO o.a.j.p.h.s.HTTPHC4Impl: HTTP request retry count = 0
2020-01-29 20:42:04,336 INFO o.a.j.t.JMeterThread: Thread started: Thread Group 1-2
2020-01-29 20:42:04,429 INFO o.a.j.t.JMeterThread: Thread started: Thread Group 1-3
2020-01-29 20:42:04,525 INFO o.a.j.t.JMeterThread: Thread started: Thread Group 1-4
2020-01-29 20:42:04,630 INFO o.a.j.t.JMeterThread: Thread started: Thread Group 1-5
2020-01-29 20:42:04,725 INFO o.a.j.t.JMeterThread: Thread started: Thread Group 1-6
2020-01-29 20:42:04,824 INFO o.a.j.t.JMeterThread: Thread started: Thread Group 1-7
2020-01-29 20:42:04,855 INFO o.a.j.p.h.s.h.LazyLayeredConnectionSocketFactory: Setting up HTTPS TrustAll Socket Factory
2020-01-29 20:42:04,858 INFO o.a.j.u.JsseSSLManager: Using default SSL protocol: TLS
2020-01-29 20:42:04,859 INFO o.a.j.u.JsseSSLManager: SSL session context: per-thread
2020-01-29 20:42:04,864 INFO o.a.j.u.SSLManager: JmeterKeyStore Location:  type JKS
2020-01-29 20:42:04,865 INFO o.a.j.u.SSLManager: KeyStore created OK
2020-01-29 20:42:04,866 WARN o.a.j.u.SSLManager: Keystore file not found, loading empty keystore
2020-01-29 20:42:04,921 INFO o.a.j.t.JMeterThread: Thread is done: Thread Group 1-7
2020-01-29 20:42:04,921 INFO o.a.j.t.JMeterThread: Thread finished: Thread Group 1-7
2020-01-29 20:42:04,935 INFO o.a.j.t.JMeterThread: Thread started: Thread Group 1-8
2020-01-29 20:42:05,025 INFO o.a.j.t.JMeterThread: Thread started: Thread Group 1-9
2020-01-29 20:42:05,122 INFO o.a.j.t.JMeterThread: Thread started: Thread Group 1-10
2020-01-29 20:42:05,300 INFO o.a.j.t.JMeterThread: Thread is done: Thread Group 1-8
2020-01-29 20:42:05,300 INFO o.a.j.t.JMeterThread: Thread finished: Thread Group 1-8
2020-01-29 20:42:05,377 INFO o.a.j.t.JMeterThread: Thread is done: Thread Group 1-6
2020-01-29 20:42:05,377 INFO o.a.j.t.JMeterThread: Thread finished: Thread Group 1-6
2020-01-29 20:42:06,310 INFO o.a.j.t.JMeterThread: Thread is done: Thread Group 1-3
2020-01-29 20:42:06,312 INFO o.a.j.t.JMeterThread: Thread finished: Thread Group 1-3
2020-01-29 20:42:06,712 INFO o.a.j.t.JMeterThread: Thread is done: Thread Group 1-10
2020-01-29 20:42:06,712 INFO o.a.j.t.JMeterThread: Thread finished: Thread Group 1-10
2020-01-29 20:42:06,851 INFO o.a.j.t.JMeterThread: Thread is done: Thread Group 1-1
2020-01-29 20:42:06,851 INFO o.a.j.t.JMeterThread: Thread finished: Thread Group 1-1
2020-01-29 20:42:07,095 INFO o.a.j.t.JMeterThread: Thread is done: Thread Group 1-9
2020-01-29 20:42:07,097 INFO o.a.j.t.JMeterThread: Thread finished: Thread Group 1-9
2020-01-29 20:42:08,628 INFO o.a.j.t.JMeterThread: Thread is done: Thread Group 1-2
2020-01-29 20:42:08,628 INFO o.a.j.t.JMeterThread: Thread finished: Thread Group 1-2
2020-01-29 20:42:09,250 INFO o.a.j.t.JMeterThread: Thread is done: Thread Group 1-4
2020-01-29 20:42:09,250 INFO o.a.j.t.JMeterThread: Thread finished: Thread Group 1-4
2020-01-29 20:42:09,591 INFO o.a.j.t.JMeterThread: Thread is done: Thread Group 1-5
2020-01-29 20:42:09,591 INFO o.a.j.t.JMeterThread: Thread finished: Thread Group 1-5
2020-01-29 20:42:09,592 INFO o.a.j.e.StandardJMeterEngine: Notifying test listeners of end of test
2020-01-29 20:42:09,593 INFO o.a.j.g.u.JMeterMenuBar: setRunning(false, *local*)
2020-01-29 20:42:10,399 INFO o.a.j.v.ViewResultsFullVisualizer: Add JavaFX to your Java installation if you want to use renderer: org.apache.jmeter.visualizers.RenderInBrowser
2020-01-29 20:42:20,311 INFO o.a.j.e.StandardJMeterEngine: Running the test!
2020-01-29 20:42:20,311 INFO o.a.j.s.SampleEvent: List of sample_variables: []
2020-01-29 20:42:20,323 INFO o.a.j.g.u.JMeterMenuBar: setRunning(true, *local*)
2020-01-29 20:42:20,422 INFO o.a.j.e.StandardJMeterEngine: Starting ThreadGroup: 1 : Thread Group
2020-01-29 20:42:20,423 INFO o.a.j.e.StandardJMeterEngine: Starting 10 threads for group Thread Group.
2020-01-29 20:42:20,423 INFO o.a.j.e.StandardJMeterEngine: Thread will continue on error
2020-01-29 20:42:20,423 INFO o.a.j.t.ThreadGroup: Starting thread group... number=1 threads=10 ramp-up=1 delayedStart=false
2020-01-29 20:42:20,425 INFO o.a.j.t.JMeterThread: Thread started: Thread Group 1-1
2020-01-29 20:42:20,429 INFO o.a.j.t.ThreadGroup: Started thread group number 1
2020-01-29 20:42:20,429 INFO o.a.j.e.StandardJMeterEngine: All thread groups have been started
2020-01-29 20:42:20,528 INFO o.a.j.t.JMeterThread: Thread started: Thread Group 1-2
2020-01-29 20:42:20,627 INFO o.a.j.t.JMeterThread: Thread started: Thread Group 1-3
2020-01-29 20:42:20,725 INFO o.a.j.t.JMeterThread: Thread started: Thread Group 1-4
2020-01-29 20:42:20,824 INFO o.a.j.t.JMeterThread: Thread started: Thread Group 1-5
2020-01-29 20:42:20,852 INFO o.a.j.t.JMeterThread: Thread is done: Thread Group 1-2
2020-01-29 20:42:20,852 INFO o.a.j.t.JMeterThread: Thread finished: Thread Group 1-2
2020-01-29 20:42:20,925 INFO o.a.j.t.JMeterThread: Thread started: Thread Group 1-6
2020-01-29 20:42:21,025 INFO o.a.j.t.JMeterThread: Thread started: Thread Group 1-7
2020-01-29 20:42:21,037 INFO o.a.j.t.JMeterThread: Thread is done: Thread Group 1-4
2020-01-29 20:42:21,037 INFO o.a.j.t.JMeterThread: Thread finished: Thread Group 1-4
2020-01-29 20:42:21,126 INFO o.a.j.t.JMeterThread: Thread started: Thread Group 1-8
2020-01-29 20:42:21,225 INFO o.a.j.t.JMeterThread: Thread started: Thread Group 1-9
2020-01-29 20:42:21,281 INFO o.a.j.t.JMeterThread: Thread is done: Thread Group 1-7
2020-01-29 20:42:21,281 INFO o.a.j.t.JMeterThread: Thread finished: Thread Group 1-7
2020-01-29 20:42:21,327 INFO o.a.j.t.JMeterThread: Thread started: Thread Group 1-10
2020-01-29 20:42:21,523 INFO o.a.j.t.JMeterThread: Thread is done: Thread Group 1-3
2020-01-29 20:42:21,524 INFO o.a.j.t.JMeterThread: Thread finished: Thread Group 1-3
2020-01-29 20:42:21,655 INFO o.a.j.t.JMeterThread: Thread is done: Thread Group 1-1
2020-01-29 20:42:21,656 INFO o.a.j.t.JMeterThread: Thread finished: Thread Group 1-1
2020-01-29 20:42:22,163 INFO o.a.j.t.JMeterThread: Thread is done: Thread Group 1-9
2020-01-29 20:42:22,163 INFO o.a.j.t.JMeterThread: Thread finished: Thread Group 1-9
2020-01-29 20:42:24,105 INFO o.a.j.t.JMeterThread: Thread is done: Thread Group 1-8
2020-01-29 20:42:24,106 INFO o.a.j.t.JMeterThread: Thread finished: Thread Group 1-8
2020-01-29 20:42:25,688 INFO o.a.j.t.JMeterThread: Thread is done: Thread Group 1-6
2020-01-29 20:42:25,688 INFO o.a.j.t.JMeterThread: Thread finished: Thread Group 1-6
2020-01-29 20:42:27,840 INFO o.a.j.t.JMeterThread: Thread is done: Thread Group 1-10
2020-01-29 20:42:27,841 INFO o.a.j.t.JMeterThread: Thread finished: Thread Group 1-10
2020-01-29 20:42:27,939 INFO o.a.j.t.JMeterThread: Thread is done: Thread Group 1-5
2020-01-29 20:42:27,939 INFO o.a.j.t.JMeterThread: Thread finished: Thread Group 1-5
2020-01-29 20:42:27,940 INFO o.a.j.e.StandardJMeterEngine: Notifying test listeners of end of test
2020-01-29 20:42:27,940 INFO o.a.j.g.u.JMeterMenuBar: setRunning(false, *local*)
2020-01-29 20:52:31,773 INFO o.a.j.v.ViewResultsFullVisualizer: Add JavaFX to your Java installation if you want to use renderer: org.apache.jmeter.visualizers.RenderInBrowser
2020-01-29 20:59:57,070 INFO o.a.j.e.StandardJMeterEngine: Running the test!
2020-01-29 20:59:57,070 INFO o.a.j.s.SampleEvent: List of sample_variables: []
2020-01-29 20:59:57,073 INFO o.a.j.g.u.JMeterMenuBar: setRunning(true, *local*)
2020-01-29 20:59:57,164 INFO o.a.j.e.StandardJMeterEngine: Starting ThreadGroup: 1 : Thread Group
2020-01-29 20:59:57,165 INFO o.a.j.e.StandardJMeterEngine: Starting 1 threads for group Thread Group.
2020-01-29 20:59:57,165 INFO o.a.j.e.StandardJMeterEngine: Thread will continue on error
2020-01-29 20:59:57,166 INFO o.a.j.t.ThreadGroup: Starting thread group... number=1 threads=1 ramp-up=1 delayedStart=false
2020-01-29 20:59:57,167 INFO o.a.j.t.ThreadGroup: Started thread group number 1
2020-01-29 20:59:57,168 INFO o.a.j.e.StandardJMeterEngine: All thread groups have been started
2020-01-29 20:59:57,168 INFO o.a.j.t.JMeterThread: Thread started: Thread Group 1-1
2020-01-29 20:59:57,193 ERROR o.a.j.t.JMeterThread: Exception processing Assertion.
java.lang.NumberFormatException: For input string: ""
	at java.lang.NumberFormatException.forInputString(NumberFormatException.java:68) ~[?:?]
	at java.lang.Long.parseLong(Long.java:709) ~[?:?]
	at java.lang.Long.parseLong(Long.java:824) ~[?:?]
	at org.apache.jmeter.assertions.SizeAssertion.compareSize(SizeAssertion.java:180) ~[ApacheJMeter_components.jar:5.2.1]
	at org.apache.jmeter.assertions.SizeAssertion.getResult(SizeAssertion.java:100) ~[ApacheJMeter_components.jar:5.2.1]
	at org.apache.jmeter.threads.JMeterThread.processAssertion(JMeterThread.java:907) [ApacheJMeter_core.jar:5.2.1]
	at org.apache.jmeter.threads.JMeterThread.checkAssertions(JMeterThread.java:877) [ApacheJMeter_core.jar:5.2.1]
	at org.apache.jmeter.threads.JMeterThread.executeSamplePackage(JMeterThread.java:570) [ApacheJMeter_core.jar:5.2.1]
	at org.apache.jmeter.threads.JMeterThread.processSampler(JMeterThread.java:490) [ApacheJMeter_core.jar:5.2.1]
	at org.apache.jmeter.threads.JMeterThread.run(JMeterThread.java:257) [ApacheJMeter_core.jar:5.2.1]
	at java.lang.Thread.run(Thread.java:830) [?:?]
2020-01-29 20:59:57,210 INFO o.a.j.t.JMeterThread: Thread is done: Thread Group 1-1
2020-01-29 20:59:57,210 INFO o.a.j.t.JMeterThread: Thread finished: Thread Group 1-1
2020-01-29 20:59:57,210 INFO o.a.j.e.StandardJMeterEngine: Notifying test listeners of end of test
2020-01-29 20:59:57,210 INFO o.a.j.g.u.JMeterMenuBar: setRunning(false, *local*)
2020-01-29 21:00:44,543 INFO o.a.j.e.StandardJMeterEngine: Running the test!
2020-01-29 21:00:44,544 INFO o.a.j.s.SampleEvent: List of sample_variables: []
2020-01-29 21:00:44,545 INFO o.a.j.g.u.JMeterMenuBar: setRunning(true, *local*)
2020-01-29 21:00:44,650 INFO o.a.j.e.StandardJMeterEngine: Starting ThreadGroup: 1 : Thread Group
2020-01-29 21:00:44,650 INFO o.a.j.e.StandardJMeterEngine: Starting 1 threads for group Thread Group.
2020-01-29 21:00:44,650 INFO o.a.j.e.StandardJMeterEngine: Thread will continue on error
2020-01-29 21:00:44,650 INFO o.a.j.t.ThreadGroup: Starting thread group... number=1 threads=1 ramp-up=1 delayedStart=false
2020-01-29 21:00:44,651 INFO o.a.j.t.ThreadGroup: Started thread group number 1
2020-01-29 21:00:44,651 INFO o.a.j.e.StandardJMeterEngine: All thread groups have been started
2020-01-29 21:00:44,652 INFO o.a.j.t.JMeterThread: Thread started: Thread Group 1-1
2020-01-29 21:00:44,682 ERROR o.a.j.t.JMeterThread: Exception processing Assertion.
java.lang.NumberFormatException: For input string: ""
	at java.lang.NumberFormatException.forInputString(NumberFormatException.java:68) ~[?:?]
	at java.lang.Long.parseLong(Long.java:709) ~[?:?]
	at java.lang.Long.parseLong(Long.java:824) ~[?:?]
	at org.apache.jmeter.assertions.SizeAssertion.compareSize(SizeAssertion.java:180) ~[ApacheJMeter_components.jar:5.2.1]
	at org.apache.jmeter.assertions.SizeAssertion.getResult(SizeAssertion.java:100) ~[ApacheJMeter_components.jar:5.2.1]
	at org.apache.jmeter.threads.JMeterThread.processAssertion(JMeterThread.java:907) [ApacheJMeter_core.jar:5.2.1]
	at org.apache.jmeter.threads.JMeterThread.checkAssertions(JMeterThread.java:877) [ApacheJMeter_core.jar:5.2.1]
	at org.apache.jmeter.threads.JMeterThread.executeSamplePackage(JMeterThread.java:570) [ApacheJMeter_core.jar:5.2.1]
	at org.apache.jmeter.threads.JMeterThread.processSampler(JMeterThread.java:490) [ApacheJMeter_core.jar:5.2.1]
	at org.apache.jmeter.threads.JMeterThread.run(JMeterThread.java:257) [ApacheJMeter_core.jar:5.2.1]
	at java.lang.Thread.run(Thread.java:830) [?:?]
2020-01-29 21:00:44,689 INFO o.a.j.t.JMeterThread: Thread is done: Thread Group 1-1
2020-01-29 21:00:44,689 INFO o.a.j.t.JMeterThread: Thread finished: Thread Group 1-1
2020-01-29 21:00:44,690 INFO o.a.j.e.StandardJMeterEngine: Notifying test listeners of end of test
2020-01-29 21:00:44,691 INFO o.a.j.g.u.JMeterMenuBar: setRunning(false, *local*)
2020-01-29 21:00:49,446 INFO o.a.j.e.StandardJMeterEngine: Running the test!
2020-01-29 21:00:49,447 INFO o.a.j.s.SampleEvent: List of sample_variables: []
2020-01-29 21:00:49,448 INFO o.a.j.g.u.JMeterMenuBar: setRunning(true, *local*)
2020-01-29 21:00:49,562 INFO o.a.j.e.StandardJMeterEngine: Starting ThreadGroup: 1 : Thread Group
2020-01-29 21:00:49,562 INFO o.a.j.e.StandardJMeterEngine: Starting 1 threads for group Thread Group.
2020-01-29 21:00:49,562 INFO o.a.j.e.StandardJMeterEngine: Thread will continue on error
2020-01-29 21:00:49,563 INFO o.a.j.t.ThreadGroup: Starting thread group... number=1 threads=1 ramp-up=1 delayedStart=false
2020-01-29 21:00:49,564 INFO o.a.j.t.ThreadGroup: Started thread group number 1
2020-01-29 21:00:49,564 INFO o.a.j.e.StandardJMeterEngine: All thread groups have been started
2020-01-29 21:00:49,564 INFO o.a.j.t.JMeterThread: Thread started: Thread Group 1-1
2020-01-29 21:00:49,580 ERROR o.a.j.t.JMeterThread: Exception processing Assertion.
java.lang.NumberFormatException: For input string: ""
	at java.lang.NumberFormatException.forInputString(NumberFormatException.java:68) ~[?:?]
	at java.lang.Long.parseLong(Long.java:709) ~[?:?]
	at java.lang.Long.parseLong(Long.java:824) ~[?:?]
	at org.apache.jmeter.assertions.SizeAssertion.compareSize(SizeAssertion.java:180) ~[ApacheJMeter_components.jar:5.2.1]
	at org.apache.jmeter.assertions.SizeAssertion.getResult(SizeAssertion.java:100) ~[ApacheJMeter_components.jar:5.2.1]
	at org.apache.jmeter.threads.JMeterThread.processAssertion(JMeterThread.java:907) [ApacheJMeter_core.jar:5.2.1]
	at org.apache.jmeter.threads.JMeterThread.checkAssertions(JMeterThread.java:877) [ApacheJMeter_core.jar:5.2.1]
	at org.apache.jmeter.threads.JMeterThread.executeSamplePackage(JMeterThread.java:570) [ApacheJMeter_core.jar:5.2.1]
	at org.apache.jmeter.threads.JMeterThread.processSampler(JMeterThread.java:490) [ApacheJMeter_core.jar:5.2.1]
	at org.apache.jmeter.threads.JMeterThread.run(JMeterThread.java:257) [ApacheJMeter_core.jar:5.2.1]
	at java.lang.Thread.run(Thread.java:830) [?:?]
2020-01-29 21:00:49,583 INFO o.a.j.t.JMeterThread: Thread is done: Thread Group 1-1
2020-01-29 21:00:49,583 INFO o.a.j.t.JMeterThread: Thread finished: Thread Group 1-1
2020-01-29 21:00:49,584 INFO o.a.j.e.StandardJMeterEngine: Notifying test listeners of end of test
2020-01-29 21:00:49,591 INFO o.a.j.g.u.JMeterMenuBar: setRunning(false, *local*)
2020-01-29 21:00:55,459 INFO o.a.j.e.StandardJMeterEngine: Running the test!
2020-01-29 21:00:55,460 INFO o.a.j.s.SampleEvent: List of sample_variables: []
2020-01-29 21:00:55,460 INFO o.a.j.g.u.JMeterMenuBar: setRunning(true, *local*)
2020-01-29 21:00:55,565 INFO o.a.j.e.StandardJMeterEngine: Starting ThreadGroup: 1 : Thread Group
2020-01-29 21:00:55,565 INFO o.a.j.e.StandardJMeterEngine: Starting 1 threads for group Thread Group.
2020-01-29 21:00:55,567 INFO o.a.j.e.StandardJMeterEngine: Thread will continue on error
2020-01-29 21:00:55,567 INFO o.a.j.t.ThreadGroup: Starting thread group... number=1 threads=1 ramp-up=1 delayedStart=false
2020-01-29 21:00:55,569 INFO o.a.j.t.ThreadGroup: Started thread group number 1
2020-01-29 21:00:55,569 INFO o.a.j.e.StandardJMeterEngine: All thread groups have been started
2020-01-29 21:00:55,570 INFO o.a.j.t.JMeterThread: Thread started: Thread Group 1-1
2020-01-29 21:00:55,594 ERROR o.a.j.t.JMeterThread: Exception processing Assertion.
java.lang.NumberFormatException: For input string: ""
	at java.lang.NumberFormatException.forInputString(NumberFormatException.java:68) ~[?:?]
	at java.lang.Long.parseLong(Long.java:709) ~[?:?]
	at java.lang.Long.parseLong(Long.java:824) ~[?:?]
	at org.apache.jmeter.assertions.SizeAssertion.compareSize(SizeAssertion.java:180) ~[ApacheJMeter_components.jar:5.2.1]
	at org.apache.jmeter.assertions.SizeAssertion.getResult(SizeAssertion.java:100) ~[ApacheJMeter_components.jar:5.2.1]
	at org.apache.jmeter.threads.JMeterThread.processAssertion(JMeterThread.java:907) [ApacheJMeter_core.jar:5.2.1]
	at org.apache.jmeter.threads.JMeterThread.checkAssertions(JMeterThread.java:877) [ApacheJMeter_core.jar:5.2.1]
	at org.apache.jmeter.threads.JMeterThread.executeSamplePackage(JMeterThread.java:570) [ApacheJMeter_core.jar:5.2.1]
	at org.apache.jmeter.threads.JMeterThread.processSampler(JMeterThread.java:490) [ApacheJMeter_core.jar:5.2.1]
	at org.apache.jmeter.threads.JMeterThread.run(JMeterThread.java:257) [ApacheJMeter_core.jar:5.2.1]
	at java.lang.Thread.run(Thread.java:830) [?:?]
2020-01-29 21:00:55,599 INFO o.a.j.t.JMeterThread: Thread is done: Thread Group 1-1
2020-01-29 21:00:55,599 INFO o.a.j.t.JMeterThread: Thread finished: Thread Group 1-1
2020-01-29 21:00:55,603 INFO o.a.j.e.StandardJMeterEngine: Notifying test listeners of end of test
2020-01-29 21:00:55,604 INFO o.a.j.g.u.JMeterMenuBar: setRunning(false, *local*)
